<?xml version="1.0" encoding="UTF-8" standalone="no"?><testsuite errors="0" failures="1" name="i nee to create user in the system" skipped="0" tests="2" time="5.31" timestamp="2022-08-07 08:15:23"><testcase name="i create user with request info"><failure message="1 expectation failed.&#10;Expected status code &lt;429&gt; but was &lt;200&gt;.&#10;" type="java.lang.AssertionError">1 expectation failed.
Expected status code &lt;429&gt; but was &lt;200&gt;.
</failure><system-err>1 expectation failed.
Expected status code &lt;429&gt; but was &lt;200&gt;.
&#13;
co.com.testlulobank.stepdefinitions.CreateUserStepDefinition.responseStatusCodeIs(CreateUserStepDefinition.java:26)&#13;
âœ½.response status code is(file:///C:/Users/crist/OneDrive/Documentos/CGG/testlulobank/src/test/resources/co.com.testlulobank.features/createuser.feature:7)&#13;
</system-err></testcase></testsuite>