<?xml version="1.0" encoding="UTF-8" standalone="no"?><testsuite errors="1" failures="0" name="create user in the sistem" skipped="0" tests="1" time="0.24" timestamp="2022-08-04 05:33:46"><testcase name="create user with request info"><error message="Step [the Qa wants do testing to] is defined with 1 parameters at 'co.com.testlulobank.stepdefinitions.CreateUserStepDefinition.theQaWantsDoTestingTo(java.lang.String)'.&#10;However, the gherkin step has 0 arguments.&#10;Step text: the Qa wants do testing to" type="io.cucumber.core.exception.CucumberException">Step [the Qa wants do testing to] is defined with 1 parameters at 'co.com.testlulobank.stepdefinitions.CreateUserStepDefinition.theQaWantsDoTestingTo(java.lang.String)'.
However, the gherkin step has 0 arguments.
Step text: the Qa wants do testing to</error><system-err>Step [the Qa wants do testing to] is defined with 1 parameters at 'co.com.testlulobank.stepdefinitions.CreateUserStepDefinition.theQaWantsDoTestingTo(java.lang.String)'.
However, the gherkin step has 0 arguments.
Step text: the Qa wants do testing to&#13;
io.cucumber.core.runner.PickleStepDefinitionMatch.arityMismatch(PickleStepDefinitionMatch.java:83)&#13;
io.cucumber.core.runner.PickleStepDefinitionMatch.runStep(PickleStepDefinitionMatch.java:42)&#13;
io.cucumber.core.runner.TestStep.executeStep(TestStep.java:86)&#13;
io.cucumber.core.runner.TestStep.run(TestStep.java:57)&#13;
io.cucumber.core.runner.PickleStepTestStep.run(PickleStepTestStep.java:51)&#13;
io.cucumber.core.runner.TestCase.run(TestCase.java:95)&#13;
io.cucumber.core.runner.Runner.runPickle(Runner.java:75)&#13;
io.cucumber.core.runtime.CucumberExecutionContext.lambda$runTestCase$3(CucumberExecutionContext.java:151)&#13;
io.cucumber.core.runtime.RethrowingThrowableCollector.executeAndThrow(RethrowingThrowableCollector.java:23)&#13;
io.cucumber.core.runtime.CucumberExecutionContext.runTestCase(CucumberExecutionContext.java:151)&#13;
io.cucumber.junit.FeatureRunner.runChild(FeatureRunner.java:144)&#13;
io.cucumber.junit.FeatureRunner.runChild(FeatureRunner.java:28)&#13;
io.cucumber.junit.FeatureRunner.run(FeatureRunner.java:137)&#13;
io.cucumber.junit.CucumberSerenityRunner.runChild(CucumberSerenityRunner.java:258)&#13;
io.cucumber.junit.CucumberSerenityRunner.runChild(CucumberSerenityRunner.java:58)&#13;
</system-err></testcase></testsuite>